# JRE version: Java(TM) SE Runtime Environment (8.0_60-b27) (build 1.8.0_60-b27)
# Java VM: Java HotSpot(TM) Client VM (25.60-b23 mixed mode windows-x86 )
Heap:
 def new generation   total 82752K, used 65654K [0x03e00000, 0x097c0000, 0x0c6a0000)
  eden space 73600K,  82% used [0x03e00000, 0x07930938, 0x085e0000)
  from space 9152K,  55% used [0x085e0000, 0x08accee0, 0x08ed0000)
  to   space 9152K,   0% used [0x08ed0000, 0x08ed0000, 0x097c0000)
 tenured generation   total 183756K, used 129235K [0x0c6a0000, 0x17a13000, 0x1d800000)
   the space 183756K,  70% used [0x0c6a0000, 0x144d4f78, 0x144d5000, 0x17a13000)
 Metaspace       used 53353K, capacity 57304K, committed 57344K, reserved 57728K
GC Heap History (10 events):
Event: 19932.367 GC heap before
{Heap before GC invocations=944 (full 9):
 def new generation   total 82752K, used 77599K [0x03e00000, 0x097c0000, 0x0c6a0000)
  eden space 73600K, 100% used [0x03e00000, 0x085e0000, 0x085e0000)
  from space 9152K,  43% used [0x08ed0000, 0x092b7e88, 0x097c0000)
  to   space 9152K,   0% used [0x085e0000, 0x085e0000, 0x08ed0000)
 tenured generation   total 183756K, used 128839K [0x0c6a0000, 0x17a13000, 0x1d800000)
   the space 183756K,  70% used [0x0c6a0000, 0x14471e50, 0x14472000, 0x17a13000)
 Metaspace       used 53351K, capacity 57301K, committed 57344K, reserved 57728K
Event: 19932.386 GC heap after
Heap after GC invocations=945 (full 9):
 def new generation   total 82752K, used 3944K [0x03e00000, 0x097c0000, 0x0c6a0000)
  eden space 73600K,   0% used [0x03e00000, 0x03e00000, 0x085e0000)
  from space 9152K,  43% used [0x085e0000, 0x089ba088, 0x08ed0000)
  to   space 9152K,   0% used [0x08ed0000, 0x08ed0000, 0x097c0000)
 tenured generation   total 183756K, used 128839K [0x0c6a0000, 0x17a13000, 0x1d800000)
   the space 183756K,  70% used [0x0c6a0000, 0x14471e50, 0x14472000, 0x17a13000)
 Metaspace       used 53351K, capacity 57301K, committed 57344K, reserved 57728K
}
Event: 19952.869 GC heap before
{Heap before GC invocations=945 (full 9):
 def new generation   total 82752K, used 77544K [0x03e00000, 0x097c0000, 0x0c6a0000)
  eden space 73600K, 100% used [0x03e00000, 0x085e0000, 0x085e0000)
  from space 9152K,  43% used [0x085e0000, 0x089ba088, 0x08ed0000)
  to   space 9152K,   0% used [0x08ed0000, 0x08ed0000, 0x097c0000)
 tenured generation   total 183756K, used 128839K [0x0c6a0000, 0x17a13000, 0x1d800000)
   the space 183756K,  70% used [0x0c6a0000, 0x14471e50, 0x14472000, 0x17a13000)
 Metaspace       used 53351K, capacity 57301K, committed 57344K, reserved 57728K
Event: 19952.908 GC heap after
Heap after GC invocations=946 (full 9):
 def new generation   total 82752K, used 4144K [0x03e00000, 0x097c0000, 0x0c6a0000)
  eden space 73600K,   0% used [0x03e00000, 0x03e00000, 0x085e0000)
  from space 9152K,  45% used [0x08ed0000, 0x092dc2a8, 0x097c0000)
  to   space 9152K,   0% used [0x085e0000, 0x085e0000, 0x08ed0000)
 tenured generation   total 183756K, used 128839K [0x0c6a0000, 0x17a13000, 0x1d800000)
   the space 183756K,  70% used [0x0c6a0000, 0x14471e50, 0x14472000, 0x17a13000)
 Metaspace       used 53351K, capacity 57301K, committed 57344K, reserved 57728K
}
Event: 19970.366 GC heap before
{Heap before GC invocations=946 (full 9):
 def new generation   total 82752K, used 77744K [0x03e00000, 0x097c0000, 0x0c6a0000)
  eden space 73600K, 100% used [0x03e00000, 0x085e0000, 0x085e0000)
  from space 9152K,  45% used [0x08ed0000, 0x092dc2a8, 0x097c0000)
  to   space 9152K,   0% used [0x085e0000, 0x085e0000, 0x08ed0000)
 tenured generation   total 183756K, used 128839K [0x0c6a0000, 0x17a13000, 0x1d800000)
   the space 183756K,  70% used [0x0c6a0000, 0x14471e50, 0x14472000, 0x17a13000)
 Metaspace       used 53353K, capacity 57304K, committed 57344K, reserved 57728K
Event: 19970.389 GC heap after
Heap after GC invocations=947 (full 9):
 def new generation   total 82752K, used 4481K [0x03e00000, 0x097c0000, 0x0c6a0000)
  eden space 73600K,   0% used [0x03e00000, 0x03e00000, 0x085e0000)
  from space 9152K,  48% used [0x085e0000, 0x08a404d8, 0x08ed0000)
  to   space 9152K,   0% used [0x08ed0000, 0x08ed0000, 0x097c0000)
 tenured generation   total 183756K, used 128839K [0x0c6a0000, 0x17a13000, 0x1d800000)
   the space 183756K,  70% used [0x0c6a0000, 0x14471e50, 0x14472000, 0x17a13000)
 Metaspace       used 53353K, capacity 57304K, committed 57344K, reserved 57728K
}
Event: 19985.854 GC heap before
{Heap before GC invocations=947 (full 9):
 def new generation   total 82752K, used 78081K [0x03e00000, 0x097c0000, 0x0c6a0000)
  eden space 73600K, 100% used [0x03e00000, 0x085e0000, 0x085e0000)
  from space 9152K,  48% used [0x085e0000, 0x08a404d8, 0x08ed0000)
  to   space 9152K,   0% used [0x08ed0000, 0x08ed0000, 0x097c0000)
 tenured generation   total 183756K, used 128839K [0x0c6a0000, 0x17a13000, 0x1d800000)
   the space 183756K,  70% used [0x0c6a0000, 0x14471e50, 0x14472000, 0x17a13000)
 Metaspace       used 53353K, capacity 57304K, committed 57344K, reserved 57728K
Event: 19985.877 GC heap after
Heap after GC invocations=948 (full 9):
 def new generation   total 82752K, used 4728K [0x03e00000, 0x097c0000, 0x0c6a0000)
  eden space 73600K,   0% used [0x03e00000, 0x03e00000, 0x085e0000)
  from space 9152K,  51% used [0x08ed0000, 0x0936e320, 0x097c0000)
  to   space 9152K,   0% used [0x085e0000, 0x085e0000, 0x08ed0000)
 tenured generation   total 183756K, used 128839K [0x0c6a0000, 0x17a13000, 0x1d800000)
   the space 183756K,  70% used [0x0c6a0000, 0x14471e50, 0x14472000, 0x17a13000)
 Metaspace       used 53353K, capacity 57304K, committed 57344K, reserved 57728K
}
Event: 19997.291 GC heap before
{Heap before GC invocations=948 (full 9):
 def new generation   total 82752K, used 78328K [0x03e00000, 0x097c0000, 0x0c6a0000)
  eden space 73600K, 100% used [0x03e00000, 0x085e0000, 0x085e0000)
  from space 9152K,  51% used [0x08ed0000, 0x0936e320, 0x097c0000)
  to   space 9152K,   0% used [0x085e0000, 0x085e0000, 0x08ed0000)
 tenured generation   total 183756K, used 128839K [0x0c6a0000, 0x17a13000, 0x1d800000)
   the space 183756K,  70% used [0x0c6a0000, 0x14471e50, 0x14472000, 0x17a13000)
 Metaspace       used 53353K, capacity 57304K, committed 57344K, reserved 57728K
Event: 19997.317 GC heap after
Heap after GC invocations=949 (full 9):
 def new generation   total 82752K, used 5043K [0x03e00000, 0x097c0000, 0x0c6a0000)
  eden space 73600K,   0% used [0x03e00000, 0x03e00000, 0x085e0000)
  from space 9152K,  55% used [0x085e0000, 0x08accee0, 0x08ed0000)
  to   space 9152K,   0% used [0x08ed0000, 0x08ed0000, 0x097c0000)
 tenured generation   total 183756K, used 129235K [0x0c6a0000, 0x17a13000, 0x1d800000)
   the space 183756K,  70% used [0x0c6a0000, 0x144d4f78, 0x144d5000, 0x17a13000)
 Metaspace       used 53353K, capacity 57304K, committed 57344K, reserved 57728K
}

